C:\Users\Liza\Desktop\EPAM\Interview\FileStorage\PL\angular\dist\out-tsc\app\app-routing.module.js
C:\Users\Liza\Desktop\EPAM\Interview\FileStorage\PL\angular\dist\out-tsc\app\app-routing.module.js.map
C:\Users\Liza\Desktop\EPAM\Interview\FileStorage\PL\angular\dist\out-tsc\app\app.component.js
C:\Users\Liza\Desktop\EPAM\Interview\FileStorage\PL\angular\dist\out-tsc\app\app.component.js.map
C:\Users\Liza\Desktop\EPAM\Interview\FileStorage\PL\angular\dist\out-tsc\app\registration\registration.component.js
C:\Users\Liza\Desktop\EPAM\Interview\FileStorage\PL\angular\dist\out-tsc\app\registration\registration.component.js.map
C:\Users\Liza\Desktop\EPAM\Interview\FileStorage\PL\angular\dist\out-tsc\app\app.module.js
C:\Users\Liza\Desktop\EPAM\Interview\FileStorage\PL\angular\dist\out-tsc\app\app.module.js.map
C:\Users\Liza\Desktop\EPAM\Interview\FileStorage\PL\angular\dist\out-tsc\environments\environment.js
C:\Users\Liza\Desktop\EPAM\Interview\FileStorage\PL\angular\dist\out-tsc\environments\environment.js.map
C:\Users\Liza\Desktop\EPAM\Interview\FileStorage\PL\angular\dist\out-tsc\main.js
C:\Users\Liza\Desktop\EPAM\Interview\FileStorage\PL\angular\dist\out-tsc\main.js.map
C:\Users\Liza\Desktop\EPAM\Interview\FileStorage\PL\angular\dist\out-tsc\polyfills.js
C:\Users\Liza\Desktop\EPAM\Interview\FileStorage\PL\angular\dist\out-tsc\polyfills.js.map
C:\Users\Liza\Desktop\EPAM\Interview\FileStorage\PL\angular\dist\out-tsc\test.js
C:\Users\Liza\Desktop\EPAM\Interview\FileStorage\PL\angular\dist\out-tsc\test.js.map
C:\Users\Liza\Desktop\EPAM\Interview\FileStorage\PL\angular\dist\out-tsc\app\app.component.spec.js
C:\Users\Liza\Desktop\EPAM\Interview\FileStorage\PL\angular\dist\out-tsc\app\app.component.spec.js.map
C:\Users\Liza\Desktop\EPAM\Interview\FileStorage\PL\angular\dist\out-tsc\app\registration\registration.component.spec.js
C:\Users\Liza\Desktop\EPAM\Interview\FileStorage\PL\angular\dist\out-tsc\app\registration\registration.component.spec.js.map
C:\Users\Liza\Desktop\EPAM\Interview\FileStorage\PL\angular\dist\out-tsc\environments\environment.prod.js
C:\Users\Liza\Desktop\EPAM\Interview\FileStorage\PL\angular\dist\out-tsc\environments\environment.prod.js.map
